f:\hoc tap\university\game\sfmlproject\gameproject\gameproject\debug\gameproject.pch
f:\hoc tap\university\game\sfmlproject\gameproject\gameproject\debug\vc141.pdb
f:\hoc tap\university\game\sfmlproject\gameproject\gameproject\debug\vc141.idb
f:\hoc tap\university\game\sfmlproject\gameproject\gameproject\debug\stdafx.obj
f:\hoc tap\university\game\sfmlproject\gameproject\gameproject\debug\turtle.obj
f:\hoc tap\university\game\sfmlproject\gameproject\gameproject\debug\object.obj
f:\hoc tap\university\game\sfmlproject\gameproject\gameproject\debug\player.obj
f:\hoc tap\university\game\sfmlproject\gameproject\gameproject\debug\platform.obj
f:\hoc tap\university\game\sfmlproject\gameproject\gameproject\debug\mushroom.obj
f:\hoc tap\university\game\sfmlproject\gameproject\gameproject\debug\map.obj
f:\hoc tap\university\game\sfmlproject\gameproject\gameproject\debug\gameproject.obj
f:\hoc tap\university\game\sfmlproject\gameproject\gameproject\debug\dynamicobject.obj
f:\hoc tap\university\game\sfmlproject\gameproject\gameproject\debug\collider.obj
f:\hoc tap\university\game\sfmlproject\gameproject\gameproject\debug\coin.obj
f:\hoc tap\university\game\sfmlproject\gameproject\gameproject\debug\boss.obj
f:\hoc tap\university\game\sfmlproject\gameproject\gameproject\debug\animationobject.obj
f:\hoc tap\university\game\sfmlproject\gameproject\gameproject\debug\animation.obj
f:\hoc tap\university\game\sfmlproject\gameproject\gameproject\debug\princess.obj
f:\hoc tap\university\game\sfmlproject\gameproject\debug\gameproject.pdb
f:\hoc tap\university\game\sfmlproject\gameproject\debug\gameproject.exe
f:\hoc tap\university\game\sfmlproject\gameproject\debug\gameproject.ilk
f:\hoc tap\university\game\sfmlproject\gameproject\gameproject\debug\gameproject.tlog\cl.command.1.tlog
f:\hoc tap\university\game\sfmlproject\gameproject\gameproject\debug\gameproject.tlog\cl.read.1.tlog
f:\hoc tap\university\game\sfmlproject\gameproject\gameproject\debug\gameproject.tlog\cl.write.1.tlog
f:\hoc tap\university\game\sfmlproject\gameproject\gameproject\debug\gameproject.tlog\link.command.1.tlog
f:\hoc tap\university\game\sfmlproject\gameproject\gameproject\debug\gameproject.tlog\link.read.1.tlog
f:\hoc tap\university\game\sfmlproject\gameproject\gameproject\debug\gameproject.tlog\link.write.1.tlog
